[14:31:18] [main/INFO]: Setting user: Player765
[14:31:20] [Client thread/INFO]: LWJGL Version: 2.9.1
[14:31:28] [Client thread/INFO]: Reloading ResourceManager: Default, FMLFileResourcePack:Forge Mod Loader, FMLFileResourcePack:Minecraft Forge, FMLFileResourcePack:City Generation Mod
[14:31:29] [Sound Library Loader/INFO]: Sound engine started
[14:31:31] [Client thread/INFO]: Created: 16x16 textures/blocks-atlas
[14:31:31] [Client thread/INFO]: Created: 16x16 textures/items-atlas
[14:31:31] [Client thread/INFO]: Reloading ResourceManager: Default, FMLFileResourcePack:Forge Mod Loader, FMLFileResourcePack:Minecraft Forge, FMLFileResourcePack:City Generation Mod
[14:31:31] [Client thread/INFO]: Created: 512x256 textures/blocks-atlas
[14:31:31] [Client thread/INFO]: Created: 256x256 textures/items-atlas
[14:31:32] [Sound Library Loader/INFO]: Sound engine started
[14:33:37] [Client thread/INFO]: Deleting level New World
[14:33:37] [Client thread/INFO]: Attempt 1...
[14:33:41] [Server thread/INFO]: Starting integrated minecraft server version 1.7.10
[14:33:41] [Server thread/INFO]: Generating keypair
[14:33:41] [Server thread/INFO]: Converting map!
[14:33:41] [Server thread/INFO]: Scanning folders...
[14:33:41] [Server thread/INFO]: Total conversion count is 0
[14:33:42] [Server thread/INFO]: Preparing start region for level 0
[14:33:43] [Server thread/INFO]: Preparing spawn area: 8%
[14:33:44] [Server thread/INFO]: Preparing spawn area: 14%
[14:33:47] [Server thread/INFO]: Preparing spawn area: 16%
[14:33:49] [Server thread/INFO]: Preparing spawn area: 29%
[14:33:50] [Server thread/INFO]: Preparing spawn area: 34%
[14:33:51] [Server thread/INFO]: Preparing spawn area: 41%
[14:33:52] [Server thread/INFO]: Preparing spawn area: 53%
[14:33:53] [Server thread/INFO]: Preparing spawn area: 68%
[14:33:54] [Server thread/INFO]: Preparing spawn area: 93%
[14:33:54] [Server thread/INFO]: Changing view distance to 16, from 10
[14:33:55] [Server thread/INFO]: Player765[local:E:c1052319] logged in with entity id 179 at (101.5, 80.0, 192.5)
[14:33:55] [Server thread/INFO]: Player765 joined the game
[14:34:06] [Server thread/WARN]: Can't keep up! Did the system time change, or is the server overloaded? Running 11055ms behind, skipping 221 tick(s)
[14:34:08] [Server thread/INFO]: Saving and pausing game...
[14:34:08] [Server thread/INFO]: Saving chunks for level 'New World'/Overworld
[14:34:22] [Server thread/INFO]: Saving chunks for level 'New World'/Nether
[14:34:22] [Server thread/INFO]: Saving chunks for level 'New World'/The End
[15:17:23] [Server thread/WARN]: Can't keep up! Did the system time change, or is the server overloaded? Running 2729ms behind, skipping 54 tick(s)
[15:17:38] [Server thread/WARN]: Can't keep up! Did the system time change, or is the server overloaded? Running 2801ms behind, skipping 56 tick(s)
[15:18:05] [Server thread/INFO]: Saving and pausing game...
[15:18:05] [Server thread/INFO]: Saving chunks for level 'New World'/Overworld
[15:18:06] [Server thread/INFO]: Saving chunks for level 'New World'/Nether
[15:18:06] [Server thread/INFO]: Saving chunks for level 'New World'/The End
[15:46:02] [Server thread/WARN]: Can't keep up! Did the system time change, or is the server overloaded? Running 2156ms behind, skipping 43 tick(s)
[15:47:03] [Client thread/INFO]: Warning: Clientside chunk ticking took 102 ms
[15:47:06] [Client thread/INFO]: Warning: Clientside chunk ticking took 152 ms
[15:47:09] [Client thread/INFO]: Warning: Clientside chunk ticking took 200 ms
[15:48:47] [Client thread/INFO]: [CHAT] /effect <player> <effect> [seconds] [amplifier]
[15:48:50] [Server thread/INFO]: [Player765: Given Speed (ID 1) * 40 to Player765 for 40 seconds]
[15:48:50] [Client thread/INFO]: [CHAT] Given Speed (ID 1) * 40 to Player765 for 40 seconds
[15:49:05] [Server thread/WARN]: Can't keep up! Did the system time change, or is the server overloaded? Running 2245ms behind, skipping 44 tick(s)
[15:49:15] [Client thread/INFO]: Warning: Clientside chunk ticking took 108 ms
[15:49:15] [Client thread/INFO]: Warning: Clientside chunk ticking took 155 ms
[15:49:18] [Server thread/INFO]: Saving and pausing game...
[15:49:18] [Server thread/INFO]: Saving chunks for level 'New World'/Overworld
[15:49:22] [Server thread/INFO]: Saving chunks for level 'New World'/Nether
[15:49:22] [Server thread/INFO]: Saving chunks for level 'New World'/The End
[16:23:40] [Server thread/INFO]: Player765 has just earned the achievement [Taking Inventory]
[16:23:40] [Server thread/WARN]: Can't keep up! Did the system time change, or is the server overloaded? Running 5979ms behind, skipping 119 tick(s)
[16:23:40] [Client thread/INFO]: [CHAT] Player765 has just earned the achievement [Taking Inventory]
[16:23:42] [Client thread/INFO]: Warning: Clientside chunk ticking took 164 ms
[16:23:42] [Client thread/INFO]: Warning: Clientside chunk ticking took 153 ms
[16:23:48] [Client thread/INFO]: Warning: Clientside chunk ticking took 136 ms
[16:23:48] [Client thread/INFO]: Warning: Clientside chunk ticking took 133 ms
[16:23:51] [Server thread/INFO]: [Player765: Given Speed (ID 1) * 40 to Player765 for 40 seconds]
[16:23:51] [Client thread/INFO]: [CHAT] Given Speed (ID 1) * 40 to Player765 for 40 seconds
[16:23:57] [Server thread/WARN]: Can't keep up! Did the system time change, or is the server overloaded? Running 7500ms behind, skipping 150 tick(s)
[16:23:59] [Server thread/INFO]: Saving and pausing game...
[16:23:59] [Server thread/INFO]: Saving chunks for level 'New World'/Overworld
[16:24:05] [Server thread/INFO]: Saving chunks for level 'New World'/Nether
[16:24:05] [Server thread/INFO]: Saving chunks for level 'New World'/The End
[16:25:05] [Server thread/INFO]: Saving and pausing game...
[16:25:05] [Server thread/INFO]: Saving chunks for level 'New World'/Overworld
[16:25:07] [Server thread/INFO]: Saving chunks for level 'New World'/Nether
[16:25:07] [Server thread/INFO]: Saving chunks for level 'New World'/The End
[16:25:07] [Server thread/WARN]: Can't keep up! Did the system time change, or is the server overloaded? Running 2306ms behind, skipping 46 tick(s)
[16:25:39] [Client thread/INFO]: Warning: Clientside chunk ticking took 122 ms
[16:25:45] [Server thread/INFO]: Saving and pausing game...
[16:25:47] [Server thread/INFO]: Saving chunks for level 'New World'/Overworld
[16:25:47] [Server thread/INFO]: Saving chunks for level 'New World'/Nether
[16:25:47] [Server thread/INFO]: Saving chunks for level 'New World'/The End
[16:31:29] [Client thread/INFO]: Warning: Clientside chunk ticking took 261 ms
[16:31:29] [Client thread/INFO]: Warning: Clientside chunk ticking took 458 ms
[16:32:05] [Client thread/INFO]: Stopping!
[16:32:05] [Server thread/INFO]: Stopping server
[16:32:05] [Server thread/INFO]: Saving players
[16:32:05] [Server thread/INFO]: Saving worlds
[16:32:05] [Server thread/INFO]: Saving chunks for level 'New World'/Overworld
[16:32:05] [Server thread/INFO]: Saving chunks for level 'New World'/Nether
[16:32:05] [Server thread/INFO]: Saving chunks for level 'New World'/The End
[16:32:06] [Client Shutdown Thread/INFO]: Stopping server
[16:32:06] [Client Shutdown Thread/INFO]: Saving players
