#
# A fatal error has been detected by the Java Runtime Environment:
#
#  EXCEPTION_ACCESS_VIOLATION (0xc0000005) at pc=0x00000116a9101066, pid=12140, tid=0x0000000000002110
#
# JRE version: OpenJDK Runtime Environment (8.0_422-b06) (build 1.8.0_422-b06)
# Java VM: OpenJDK 64-Bit Server VM (25.422-b06 mixed mode windows-amd64 compressed oops)
# Problematic frame:
# C  [OpenAL64.dll+0x11066]
#
# Failed to write core dump. Minidumps are not enabled by default on client versions of Windows
#
# If you would like to submit a bug report, please visit:
#   https://bell-sw.com/support
# The crash happened outside the Java Virtual Machine in native code.
# See problematic frame for where to report the bug.
#

---------------  T H R E A D  ---------------

Current thread (0x00000116a5335800):  JavaThread "Thread-8" [_thread_in_native, id=8464, stack(0x0000001425300000,0x0000001425400000)]

siginfo: ExceptionCode=0xc0000005, reading address 0x00000116a4052004

Registers:
RAX=0x0000000000000001, RBX=0x00000116ae070090, RCX=0x00000116a4052008, RDX=0x00000116a4052004
RSP=0x00000014253fec40, RBP=0x00000000000000ff, RSI=0x00000116a404962c, RDI=0x0000000000000000
R8 =0x0000000000002276, R9 =0x00000116a404962c, R10=0x000001168a7f9c62, R11=0x000000006bf95f20
R12=0x0000000000000001, R13=0x00000116ae2b2118, R14=0x00000014253fedd8, R15=0x00000116a5335800
RIP=0x00000116a9101066, EFLAGS=0x0000000000010202

Top of Stack: (sp=0x00000014253fec40)
0x00000014253fec40:   0000000000000004 00000116a5335800
0x00000014253fec50:   00000014253fedd8 00000116ae2b2118
0x00000014253fec60:   00000116ae2b2118 0000000701c00878
0x00000014253fec70:   00000116a5335800 0000000000000000
0x00000014253fec80:   00000014253feda0 000000006be241c2
0x00000014253fec90:   00000014253fecc0 00000116a9809ba0
0x00000014253feca0:   00000116a2758a40 00000000000003d8
0x00000014253fecb0:   00000116a5335800 00000014253fedd8
0x00000014253fecc0:   00000116ae2b2118 0000000000000000
0x00000014253fecd0:   00000116a404962c 0000000701c00878
0x00000014253fece0:   00000014253feda0 00000116a910248f
0x00000014253fecf0:   00000116ae070090 00000116ae070090
0x00000014253fed00:   000001160000ac44 0000011600000001
0x00000014253fed10:   0000000000000010 000001168a7f9c8e
0x00000014253fed20:   00000116ae2b2118 000001168a7f9985
0x00000014253fed30:   00000116ae2b2118 00000014253feda0 

Instructions: (pc=0x00000116a9101066)
0x00000116a9101046:   41 2b ec 81 3a 03 00 02 00 75 09 8b 01 89 84 24
0x00000116a9101056:   c8 00 00 00 49 83 c0 02 48 83 c1 08 4a 8d 14 86
0x00000116a9101066:   39 3a 75 af 4c 8d 84 24 c0 00 00 00 48 8d 15 d7
0x00000116a9101076:   2b 03 00 33 c9 e8 58 5f 00 00 b8 40 1f 00 00 4c 


Register to memory mapping:

RAX=0x0000000000000001 is an unknown value
RBX=0x00000116ae070090 is an unknown value
RCX=0x00000116a4052008 is an unknown value
RDX=0x00000116a4052004 is an unknown value
RSP=0x00000014253fec40 is pointing into the stack for thread: 0x00000116a5335800
RBP=0x00000000000000ff is an unknown value
RSI=0x00000116a404962c is an unknown value
RDI=0x0000000000000000 is an unknown value
R8 =0x0000000000002276 is an unknown value
R9 =0x00000116a404962c is an unknown value
R10=0x000001168a7f9c62 is at code_begin+962 in an Interpreter codelet
method entry point (kind = native)  [0x000001168a7f98a0, 0x000001168a7fa340]  2720 bytes
R11=0x000000006bf95f20 is an unknown value
R12=0x0000000000000001 is an unknown value
R13={method} {0x00000116ae2b2120} 'nalcCreateContext' '(JJ)J' in 'org/lwjgl/openal/ALC10'
R14=0x00000014253fedd8 is pointing into the stack for thread: 0x00000116a5335800
R15=0x00000116a5335800 is a thread


Stack: [0x0000001425300000,0x0000001425400000],  sp=0x00000014253fec40,  free space=1019k
Native frames: (J=compiled Java code, j=interpreted, Vv=VM code, C=native code)
C  [OpenAL64.dll+0x11066]
C  [OpenAL64.dll+0x1248f]
C  0x000001168a7f9c8e

Java frames: (J=compiled Java code, j=interpreted, Vv=VM code)
j  org.lwjgl.openal.ALC10.nalcCreateContext(JJ)J+0
j  org.lwjgl.openal.ALC10.alcCreateContext(Lorg/lwjgl/openal/ALCdevice;Ljava/nio/IntBuffer;)Lorg/lwjgl/openal/ALCcontext;+8
j  org.lwjgl.openal.AL.init(Ljava/lang/String;IIZZ)V+69
j  org.lwjgl.openal.AL.create(Ljava/lang/String;IIZZ)V+227
j  org.lwjgl.openal.AL.create(Ljava/lang/String;IIZ)V+5
j  org.lwjgl.openal.AL.create()V+6
j  paulscode.sound.libraries.LibraryLWJGLOpenAL.init()V+2
j  paulscode.sound.SoundSystem.CommandNewLibrary(Ljava/lang/Class;)V+273
j  paulscode.sound.SoundSystem.CommandQueue(Lpaulscode/sound/CommandObject;)Z+1206
j  paulscode.sound.CommandThread.run()V+51
v  ~StubRoutines::call_stub

---------------  P R O C E S S  ---------------

Java Threads: ( => current thread )
  0x00000116a5332800 JavaThread "Thread-9" [_thread_blocked, id=12208, stack(0x0000001425100000,0x0000001425200000)]
  0x00000116a5339800 JavaThread "Keep-Alive-Timer" daemon [_thread_blocked, id=10268, stack(0x0000001425400000,0x0000001425500000)]
=>0x00000116a5335800 JavaThread "Thread-8" [_thread_in_native, id=8464, stack(0x0000001425300000,0x0000001425400000)]
  0x00000116a5339000 JavaThread "Sound Library Loader" [_thread_blocked, id=18952, stack(0x0000001425200000,0x0000001425300000)]
  0x00000116a31aa000 JavaThread "LWJGL Timer" daemon [_thread_blocked, id=19724, stack(0x0000001425000000,0x0000001425100000)]
  0x00000116a5cce000 JavaThread "Thread-6" [_thread_blocked, id=1816, stack(0x0000001424e00000,0x0000001424f00000)]
  0x00000116a4502000 JavaThread "Java2D Disposer" daemon [_thread_blocked, id=16300, stack(0x0000001424700000,0x0000001424800000)]
  0x00000116a7988000 JavaThread "Timer hack thread" daemon [_thread_blocked, id=12564, stack(0x0000001424500000,0x0000001424600000)]
  0x00000116a3ecc000 JavaThread "Snooper Timer" daemon [_thread_blocked, id=20668, stack(0x0000001424400000,0x0000001424500000)]
  0x00000116a155b000 JavaThread "Service Thread" daemon [_thread_blocked, id=11624, stack(0x0000001424200000,0x0000001424300000)]
  0x00000116a14d4800 JavaThread "C1 CompilerThread2" daemon [_thread_blocked, id=14864, stack(0x0000001424100000,0x0000001424200000)]
  0x00000116a14d3800 JavaThread "C2 CompilerThread1" daemon [_thread_blocked, id=16372, stack(0x0000001424000000,0x0000001424100000)]
  0x00000116a14d9800 JavaThread "C2 CompilerThread0" daemon [_thread_blocked, id=15652, stack(0x0000001423f00000,0x0000001424000000)]
  0x00000116a14ce800 JavaThread "Attach Listener" daemon [_thread_blocked, id=4696, stack(0x0000001423e00000,0x0000001423f00000)]
  0x00000116a14b7800 JavaThread "Signal Dispatcher" daemon [_thread_blocked, id=15868, stack(0x0000001423d00000,0x0000001423e00000)]
  0x00000116a149d000 JavaThread "Finalizer" daemon [_thread_blocked, id=13520, stack(0x0000001423c00000,0x0000001423d00000)]
  0x00000116a1496800 JavaThread "Reference Handler" daemon [_thread_blocked, id=16292, stack(0x0000001423b00000,0x0000001423c00000)]
  0x0000011688e40000 JavaThread "Client thread" [_thread_in_native, id=7872, stack(0x0000001423500000,0x0000001423600000)]

Other Threads:
  0x00000116a146d800 VMThread [stack: 0x0000001423a00000,0x0000001423b00000] [id=7492]
  0x00000116a1571000 WatcherThread [stack: 0x0000001424300000,0x0000001424400000] [id=15328]

VM state:not at safepoint (normal execution)

VM Mutex/Monitor currently owned by a thread: None

heap address: 0x0000000701c00000, size: 3044 MB, Compressed Oops mode: Zero based, Oop shift amount: 3
Narrow klass base: 0x0000000000000000, Narrow klass shift: 3
Compressed class space size: 1073741824 Address: 0x00000007c0000000

Heap:
 PSYoungGen      total 367616K, used 248713K [0x0000000780980000, 0x000000079ec80000, 0x00000007c0000000)
  eden space 323584K, 63% used [0x0000000780980000,0x000000078d162bb0,0x0000000794580000)
  from space 44032K, 99% used [0x0000000797c80000,0x000000079a77f960,0x000000079a780000)
  to   space 56320K, 0% used [0x0000000794580000,0x0000000794580000,0x0000000797c80000)
 ParOldGen       total 202240K, used 100353K [0x0000000701c00000, 0x000000070e180000, 0x0000000780980000)
  object space 202240K, 49% used [0x0000000701c00000,0x0000000707e00760,0x000000070e180000)
 Metaspace       used 28894K, capacity 29169K, committed 29568K, reserved 1075200K
  class space    used 3570K, capacity 3669K, committed 3712K, reserved 1048576K

Card table byte_map: [0x0000011699ba0000,0x000001169a1a0000] byte_map_base: 0x0000011696392000

Marking Bits: (ParMarkBitMap*) 0x000000006c5a88e0
 Begin Bits: [0x000001169a5a0000, 0x000001169d530000)
 End Bits:   [0x000001169d530000, 0x00000116a04c0000)

Polling page: 0x0000011688fc0000

CodeCache: size=245760Kb used=11259Kb max_used=12350Kb free=234500Kb
 bounds [0x000001168a7e0000, 0x000001168b400000, 0x00000116997e0000]
 total_blobs=3631 nmethods=2995 adapters=547
 compilation: enabled

Compilation events (10 events):
Event: 15.726 Thread 0x00000116a14d4800 3875       1       net.minecraft.client.audio.SoundList$SoundEntry::getSoundEntryWeight (5 bytes)
Event: 15.726 Thread 0x00000116a14d4800 nmethod 3875 0x000001168ace91d0 code [0x000001168ace9320, 0x000001168ace9438]
Event: 15.746 Thread 0x00000116a14d9800 nmethod 3785 0x000001168b22d850 code [0x000001168b22e220, 0x000001168b2380d0]
Event: 15.747 Thread 0x00000116a14d9800 3862       4       java.io.FilePermission::getMask (948 bytes)
Event: 15.758 Thread 0x00000116a14d9800 nmethod 3862 0x000001168abe4e90 code [0x000001168abe54a0, 0x000001168abe60e8]
Event: 15.758 Thread 0x00000116a14d9800 3860       4       org.objectweb.asm.tree.MethodNode::visitTypeInsn (17 bytes)
Event: 15.759 Thread 0x00000116a14d9800 nmethod 3860 0x000001168b142d10 code [0x000001168b142e60, 0x000001168b142ff8]
Event: 15.766 Thread 0x00000116a14d3800 nmethod 3861 0x000001168af94c50 code [0x000001168af951e0, 0x000001168af99700]
Event: 15.774 Thread 0x00000116a14d9800 3876       4       java.lang.AbstractStringBuilder::append (54 bytes)
Event: 15.779 Thread 0x00000116a14d9800 nmethod 3876 0x000001168b22c790 code [0x000001168b22c920, 0x000001168b22d0f8]

GC Heap History (10 events):
Event: 8.676 GC heap before
{Heap before GC invocations=11 (full 2):
 PSYoungGen      total 197120K, used 181248K [0x0000000780980000, 0x000000078d980000, 0x00000007c0000000)
  eden space 181248K, 100% used [0x0000000780980000,0x000000078ba80000,0x000000078ba80000)
  from space 15872K, 0% used [0x000000078ca00000,0x000000078ca00000,0x000000078d980000)
  to   space 15872K, 0% used [0x000000078ba80000,0x000000078ba80000,0x000000078ca00000)
 ParOldGen       total 96768K, used 23736K [0x0000000701c00000, 0x0000000707a80000, 0x0000000780980000)
  object space 96768K, 24% used [0x0000000701c00000,0x000000070332e3e0,0x0000000707a80000)
 Metaspace       used 25336K, capacity 25609K, committed 26112K, reserved 1073152K
  class space    used 3132K, capacity 3211K, committed 3328K, reserved 1048576K
Event: 8.691 GC heap after
Heap after GC invocations=11 (full 2):
 PSYoungGen      total 197120K, used 9563K [0x0000000780980000, 0x0000000794680000, 0x00000007c0000000)
  eden space 181248K, 0% used [0x0000000780980000,0x0000000780980000,0x000000078ba80000)
  from space 15872K, 60% used [0x000000078ba80000,0x000000078c3d6cf8,0x000000078ca00000)
  to   space 15360K, 0% used [0x0000000793780000,0x0000000793780000,0x0000000794680000)
 ParOldGen       total 96768K, used 23744K [0x0000000701c00000, 0x0000000707a80000, 0x0000000780980000)
  object space 96768K, 24% used [0x0000000701c00000,0x00000007033303e0,0x0000000707a80000)
 Metaspace       used 25336K, capacity 25609K, committed 26112K, reserved 1073152K
  class space    used 3132K, capacity 3211K, committed 3328K, reserved 1048576K
}
Event: 10.444 GC heap before
{Heap before GC invocations=12 (full 2):
 PSYoungGen      total 197120K, used 190811K [0x0000000780980000, 0x0000000794680000, 0x00000007c0000000)
  eden space 181248K, 100% used [0x0000000780980000,0x000000078ba80000,0x000000078ba80000)
  from space 15872K, 60% used [0x000000078ba80000,0x000000078c3d6cf8,0x000000078ca00000)
  to   space 15360K, 0% used [0x0000000793780000,0x0000000793780000,0x0000000794680000)
 ParOldGen       total 96768K, used 23744K [0x0000000701c00000, 0x0000000707a80000, 0x0000000780980000)
  object space 96768K, 24% used [0x0000000701c00000,0x00000007033303e0,0x0000000707a80000)
 Metaspace       used 26088K, capacity 26313K, committed 26624K, reserved 1073152K
  class space    used 3224K, capacity 3275K, committed 3328K, reserved 1048576K
Event: 10.472 GC heap after
Heap after GC invocations=12 (full 2):
 PSYoungGen      total 262144K, used 15344K [0x0000000780980000, 0x0000000794680000, 0x00000007c0000000)
  eden space 246784K, 0% used [0x0000000780980000,0x0000000780980000,0x000000078fa80000)
  from space 15360K, 99% used [0x0000000793780000,0x000000079467c1e8,0x0000000794680000)
  to   space 25088K, 0% used [0x0000000791580000,0x0000000791580000,0x0000000792e00000)
 ParOldGen       total 96768K, used 45840K [0x0000000701c00000, 0x0000000707a80000, 0x0000000780980000)
  object space 96768K, 47% used [0x0000000701c00000,0x00000007048c4250,0x0000000707a80000)
 Metaspace       used 26088K, capacity 26313K, committed 26624K, reserved 1073152K
  class space    used 3224K, capacity 3275K, committed 3328K, reserved 1048576K
}
Event: 12.648 GC heap before
{Heap before GC invocations=13 (full 2):
 PSYoungGen      total 262144K, used 262128K [0x0000000780980000, 0x0000000794680000, 0x00000007c0000000)
  eden space 246784K, 100% used [0x0000000780980000,0x000000078fa80000,0x000000078fa80000)
  from space 15360K, 99% used [0x0000000793780000,0x000000079467c1e8,0x0000000794680000)
  to   space 25088K, 0% used [0x0000000791580000,0x0000000791580000,0x0000000792e00000)
 ParOldGen       total 96768K, used 45840K [0x0000000701c00000, 0x0000000707a80000, 0x0000000780980000)
  object space 96768K, 47% used [0x0000000701c00000,0x00000007048c4250,0x0000000707a80000)
 Metaspace       used 26121K, capacity 26313K, committed 26624K, reserved 1073152K
  class space    used 3224K, capacity 3275K, committed 3328K, reserved 1048576K
Event: 12.698 GC heap after
Heap after GC invocations=13 (full 2):
 PSYoungGen      total 299520K, used 25072K [0x0000000780980000, 0x000000079a780000, 0x00000007c0000000)
  eden space 274432K, 0% used [0x0000000780980000,0x0000000780980000,0x0000000791580000)
  from space 25088K, 99% used [0x0000000791580000,0x0000000792dfc3f0,0x0000000792e00000)
  to   space 44032K, 0% used [0x0000000797c80000,0x0000000797c80000,0x000000079a780000)
 ParOldGen       total 96768K, used 86557K [0x0000000701c00000, 0x0000000707a80000, 0x0000000780980000)
  object space 96768K, 89% used [0x0000000701c00000,0x0000000707087598,0x0000000707a80000)
 Metaspace       used 26121K, capacity 26313K, committed 26624K, reserved 1073152K
  class space    used 3224K, capacity 3275K, committed 3328K, reserved 1048576K
}
Event: 12.698 GC heap before
{Heap before GC invocations=14 (full 3):
 PSYoungGen      total 299520K, used 25072K [0x0000000780980000, 0x000000079a780000, 0x00000007c0000000)
  eden space 274432K, 0% used [0x0000000780980000,0x0000000780980000,0x0000000791580000)
  from space 25088K, 99% used [0x0000000791580000,0x0000000792dfc3f0,0x0000000792e00000)
  to   space 44032K, 0% used [0x0000000797c80000,0x0000000797c80000,0x000000079a780000)
 ParOldGen       total 96768K, used 86557K [0x0000000701c00000, 0x0000000707a80000, 0x0000000780980000)
  object space 96768K, 89% used [0x0000000701c00000,0x0000000707087598,0x0000000707a80000)
 Metaspace       used 26121K, capacity 26313K, committed 26624K, reserved 1073152K
  class space    used 3224K, capacity 3275K, committed 3328K, reserved 1048576K
Event: 12.777 GC heap after
Heap after GC invocations=14 (full 3):
 PSYoungGen      total 299520K, used 0K [0x0000000780980000, 0x000000079a780000, 0x00000007c0000000)
  eden space 274432K, 0% used [0x0000000780980000,0x0000000780980000,0x0000000791580000)
  from space 25088K, 0% used [0x0000000791580000,0x0000000791580000,0x0000000792e00000)
  to   space 44032K, 0% used [0x0000000797c80000,0x0000000797c80000,0x000000079a780000)
 ParOldGen       total 202240K, used 85856K [0x0000000701c00000, 0x000000070e180000, 0x0000000780980000)
  object space 202240K, 42% used [0x0000000701c00000,0x0000000706fd8280,0x000000070e180000)
 Metaspace       used 26121K, capacity 26313K, committed 26624K, reserved 1073152K
  class space    used 3224K, capacity 3275K, committed 3328K, reserved 1048576K
}
Event: 14.323 GC heap before
{Heap before GC invocations=15 (full 3):
 PSYoungGen      total 299520K, used 274432K [0x0000000780980000, 0x000000079a780000, 0x00000007c0000000)
  eden space 274432K, 100% used [0x0000000780980000,0x0000000791580000,0x0000000791580000)
  from space 25088K, 0% used [0x0000000791580000,0x0000000791580000,0x0000000792e00000)
  to   space 44032K, 0% used [0x0000000797c80000,0x0000000797c80000,0x000000079a780000)
 ParOldGen       total 202240K, used 85856K [0x0000000701c00000, 0x000000070e180000, 0x0000000780980000)
  object space 202240K, 42% used [0x0000000701c00000,0x0000000706fd8280,0x000000070e180000)
 Metaspace       used 26153K, capacity 26313K, committed 26624K, reserved 1073152K
  class space    used 3224K, capacity 3275K, committed 3328K, reserved 1048576K
Event: 14.369 GC heap after
Heap after GC invocations=15 (full 3):
 PSYoungGen      total 367616K, used 44030K [0x0000000780980000, 0x000000079ec80000, 0x00000007c0000000)
  eden space 323584K, 0% used [0x0000000780980000,0x0000000780980000,0x0000000794580000)
  from space 44032K, 99% used [0x0000000797c80000,0x000000079a77f960,0x000000079a780000)
  to   space 56320K, 0% used [0x0000000794580000,0x0000000794580000,0x0000000797c80000)
 ParOldGen       total 202240K, used 100353K [0x0000000701c00000, 0x000000070e180000, 0x0000000780980000)
  object space 202240K, 49% used [0x0000000701c00000,0x0000000707e00760,0x000000070e180000)
 Metaspace       used 26153K, capacity 26313K, committed 26624K, reserved 1073152K
  class space    used 3224K, capacity 3275K, committed 3328K, reserved 1048576K
}

Deoptimization events (10 events):
Event: 15.293 Thread 0x0000011688e40000 Uncommon trap: reason=unstable_if action=reinterpret pc=0x000001168b20ec94 method=org.objectweb.asm.MethodWriter.<init>(Lorg/objectweb/asm/ClassWriter;ILjava/lang/String;Ljava/lang/String;Ljava/lang/String;[Ljava/lang/String;ZZ)V @ 180
Event: 15.293 Thread 0x0000011688e40000 Uncommon trap: reason=unstable_if action=reinterpret pc=0x000001168af23388 method=org.objectweb.asm.MethodWriter.visitVarInsn(II)V @ 15
Event: 15.293 Thread 0x0000011688e40000 Uncommon trap: reason=unstable_if action=reinterpret pc=0x000001168b2faf20 method=org.objectweb.asm.MethodWriter.visitMethodInsn(ILjava/lang/String;Ljava/lang/String;Ljava/lang/String;Z)V @ 37
Event: 15.293 Thread 0x0000011688e40000 Uncommon trap: reason=unstable_if action=reinterpret pc=0x000001168b11e168 method=org.objectweb.asm.MethodWriter.visitFieldInsn(ILjava/lang/String;Ljava/lang/String;Ljava/lang/String;)V @ 28
Event: 15.293 Thread 0x0000011688e40000 Uncommon trap: reason=unstable_if action=reinterpret pc=0x000001168af222dc method=org.objectweb.asm.MethodWriter.visitInsn(I)V @ 24
Event: 15.293 Thread 0x0000011688e40000 Uncommon trap: reason=unstable_if action=reinterpret pc=0x000001168af4b8d8 method=org.objectweb.asm.MethodWriter.visitMaxs(II)V @ 627
Event: 15.293 Thread 0x0000011688e40000 Uncommon trap: reason=unstable_if action=reinterpret pc=0x000001168ac3bdd0 method=org.objectweb.asm.MethodWriter.visitTypeInsn(ILjava/lang/String;)V @ 24
Event: 15.313 Thread 0x00000116a5338000 Uncommon trap: reason=bimorphic action=maybe_recompile pc=0x000001168ac65354 method=java.net.URL.<init>(Ljava/net/URL;Ljava/lang/String;Ljava/net/URLStreamHandler;)V @ 504
Event: 15.381 Thread 0x00000116a5338000 Uncommon trap: reason=unstable_if action=reinterpret pc=0x000001168b29ff54 method=sun.net.www.MessageHeader.grow()V @ 4
Event: 15.394 Thread 0x0000011688e40000 Uncommon trap: reason=unstable_if action=reinterpret pc=0x000001168b19e7b4 method=org.objectweb.asm.Type.getArgumentsAndReturnSizes(Ljava/lang/String;)I @ 100

Classes redefined (0 events):
No events

Internal exceptions (10 events):
Event: 15.705 Thread 0x00000116a5335800 Exception <a 'org/lwjgl/LWJGLException'> (0x000000078c3e6ee0) thrown at [C:\ws\workspace\8u422\jdk-8u422\CT\std\label\windows-x86_64\type\b8-20\b\hotspot\src\share\vm\prims\jni.cpp, line 712]
Event: 15.705 Thread 0x00000116a5335800 Exception <a 'org/lwjgl/LWJGLException'> (0x000000078c3e7570) thrown at [C:\ws\workspace\8u422\jdk-8u422\CT\std\label\windows-x86_64\type\b8-20\b\hotspot\src\share\vm\prims\jni.cpp, line 712]
Event: 15.705 Thread 0x00000116a5335800 Exception <a 'org/lwjgl/LWJGLException'> (0x000000078c3e7b70) thrown at [C:\ws\workspace\8u422\jdk-8u422\CT\std\label\windows-x86_64\type\b8-20\b\hotspot\src\share\vm\prims\jni.cpp, line 712]
Event: 15.705 Thread 0x00000116a5335800 Exception <a 'org/lwjgl/LWJGLException'> (0x000000078c3e82a0) thrown at [C:\ws\workspace\8u422\jdk-8u422\CT\std\label\windows-x86_64\type\b8-20\b\hotspot\src\share\vm\prims\jni.cpp, line 712]
Event: 15.705 Thread 0x00000116a5335800 Exception <a 'org/lwjgl/LWJGLException'> (0x000000078c3e89e0) thrown at [C:\ws\workspace\8u422\jdk-8u422\CT\std\label\windows-x86_64\type\b8-20\b\hotspot\src\share\vm\prims\jni.cpp, line 712]
Event: 15.705 Thread 0x00000116a5335800 Exception <a 'org/lwjgl/LWJGLException'> (0x000000078c3e9128) thrown at [C:\ws\workspace\8u422\jdk-8u422\CT\std\label\windows-x86_64\type\b8-20\b\hotspot\src\share\vm\prims\jni.cpp, line 712]
Event: 15.705 Thread 0x00000116a5335800 Exception <a 'org/lwjgl/LWJGLException'> (0x000000078c3e9770) thrown at [C:\ws\workspace\8u422\jdk-8u422\CT\std\label\windows-x86_64\type\b8-20\b\hotspot\src\share\vm\prims\jni.cpp, line 712]
Event: 15.705 Thread 0x00000116a5335800 Exception <a 'org/lwjgl/LWJGLException'> (0x000000078c3e9cf8) thrown at [C:\ws\workspace\8u422\jdk-8u422\CT\std\label\windows-x86_64\type\b8-20\b\hotspot\src\share\vm\prims\jni.cpp, line 712]
Event: 15.705 Thread 0x00000116a5335800 Exception <a 'org/lwjgl/LWJGLException'> (0x000000078c3ea2e0) thrown at [C:\ws\workspace\8u422\jdk-8u422\CT\std\label\windows-x86_64\type\b8-20\b\hotspot\src\share\vm\prims\jni.cpp, line 712]
Event: 15.707 Thread 0x00000116a5335800 Exception <a 'org/lwjgl/LWJGLException'> (0x000000078c3ea930) thrown at [C:\ws\workspace\8u422\jdk-8u422\CT\std\label\windows-x86_64\type\b8-20\b\hotspot\src\share\vm\prims\jni.cpp, line 712]

Events (10 events):
Event: 15.726 Thread 0x00000116a14d4800 flushing nmethod 0x000001168b182490
Event: 15.726 Thread 0x00000116a14d4800 flushing nmethod 0x000001168b182d50
Event: 15.768 loading class org/lwjgl/openal/ALCdevice
Event: 15.768 loading class org/lwjgl/openal/ALCdevice done
Event: 15.769 loading class org/lwjgl/openal/ALCcontext
Event: 15.769 loading class org/lwjgl/openal/ALCcontext done
Event: 15.770 loading class org/lwjgl/openal/Util
Event: 15.770 loading class org/lwjgl/openal/Util done
Event: 15.771 loading class org/lwjgl/openal/OpenALException
Event: 15.771 loading class org/lwjgl/openal/OpenALException done


Dynamic libraries:
0x00007ff643330000 - 0x00007ff64337d000 	C:\Program Files\BellSoft\LibericaJDK-8\bin\java.exe
0x00007ffe8dbd0000 - 0x00007ffe8ddc8000 	C:\WINDOWS\SYSTEM32\ntdll.dll
0x00007ffe8c080000 - 0x00007ffe8c142000 	C:\WINDOWS\System32\KERNEL32.DLL
0x00007ffe8b790000 - 0x00007ffe8ba8f000 	C:\WINDOWS\System32\KERNELBASE.dll
0x00007ffe8bd90000 - 0x00007ffe8be3f000 	C:\WINDOWS\System32\ADVAPI32.dll
0x00007ffe8bf80000 - 0x00007ffe8c01e000 	C:\WINDOWS\System32\msvcrt.dll
0x00007ffe8d800000 - 0x00007ffe8d89f000 	C:\WINDOWS\System32\sechost.dll
0x00007ffe8c1b0000 - 0x00007ffe8c2d3000 	C:\WINDOWS\System32\RPCRT4.dll
0x00007ffe8b2a0000 - 0x00007ffe8b2c7000 	C:\WINDOWS\System32\bcrypt.dll
0x00007ffe8bbf0000 - 0x00007ffe8bd8d000 	C:\WINDOWS\System32\USER32.dll
0x00007ffe8b270000 - 0x00007ffe8b292000 	C:\WINDOWS\System32\win32u.dll
0x00007ffe8d550000 - 0x00007ffe8d57b000 	C:\WINDOWS\System32\GDI32.dll
0x00007ffe8b2d0000 - 0x00007ffe8b3ea000 	C:\WINDOWS\System32\gdi32full.dll
0x00007ffe8ba90000 - 0x00007ffe8bb2d000 	C:\WINDOWS\System32\msvcp_win.dll
0x00007ffe8b5e0000 - 0x00007ffe8b6e0000 	C:\WINDOWS\System32\ucrtbase.dll
0x00007ffe700b0000 - 0x00007ffe7034a000 	C:\WINDOWS\WinSxS\amd64_microsoft.windows.common-controls_6595b64144ccf1df_6.0.19041.4355_none_60b8b9eb71f62e16\COMCTL32.dll
0x00007ffe8d7d0000 - 0x00007ffe8d7ff000 	C:\WINDOWS\System32\IMM32.DLL
0x00007ffe71890000 - 0x00007ffe718ab000 	C:\Program Files\BellSoft\LibericaJDK-8\jre\bin\vcruntime140.dll
0x00007ffe86020000 - 0x00007ffe8602c000 	C:\Program Files\BellSoft\LibericaJDK-8\jre\bin\vcruntime140_1.dll
0x00007ffe316a0000 - 0x00007ffe3172e000 	C:\Program Files\BellSoft\LibericaJDK-8\jre\bin\msvcp140.dll
0x000000006bd80000 - 0x000000006c622000 	C:\Program Files\BellSoft\LibericaJDK-8\jre\bin\server\jvm.dll
0x00007ffe8dab0000 - 0x00007ffe8dab8000 	C:\WINDOWS\System32\PSAPI.DLL
0x00007ffe84fe0000 - 0x00007ffe85007000 	C:\WINDOWS\SYSTEM32\WINMM.dll
0x00007ffe85d50000 - 0x00007ffe85d5a000 	C:\WINDOWS\SYSTEM32\VERSION.dll
0x00007ffe626a0000 - 0x00007ffe626a9000 	C:\WINDOWS\SYSTEM32\WSOCK32.dll
0x00007ffe8d4e0000 - 0x00007ffe8d54b000 	C:\WINDOWS\System32\WS2_32.dll
0x00007ffe89110000 - 0x00007ffe89122000 	C:\WINDOWS\SYSTEM32\kernel.appcore.dll
0x00007ffe85a70000 - 0x00007ffe85a80000 	C:\Program Files\BellSoft\LibericaJDK-8\jre\bin\verify.dll
0x00007ffe6f030000 - 0x00007ffe6f05b000 	C:\Program Files\BellSoft\LibericaJDK-8\jre\bin\java.dll
0x00007ffe6f010000 - 0x00007ffe6f028000 	C:\Program Files\BellSoft\LibericaJDK-8\jre\bin\zip.dll
0x00007ffe8c410000 - 0x00007ffe8cb7d000 	C:\WINDOWS\System32\SHELL32.dll
0x00007ffe89310000 - 0x00007ffe89ab4000 	C:\WINDOWS\SYSTEM32\windows.storage.dll
0x00007ffe8cb80000 - 0x00007ffe8ced5000 	C:\WINDOWS\System32\combase.dll
0x00007ffe8aca0000 - 0x00007ffe8accf000 	C:\WINDOWS\SYSTEM32\Wldp.dll
0x00007ffe8dac0000 - 0x00007ffe8db8d000 	C:\WINDOWS\System32\OLEAUT32.dll
0x00007ffe8bed0000 - 0x00007ffe8bf7d000 	C:\WINDOWS\System32\SHCORE.dll
0x00007ffe8c150000 - 0x00007ffe8c1a5000 	C:\WINDOWS\System32\shlwapi.dll
0x00007ffe8b1a0000 - 0x00007ffe8b1c4000 	C:\WINDOWS\SYSTEM32\profapi.dll
0x00007ffe84cf0000 - 0x00007ffe84cfd000 	C:\Program Files\BellSoft\LibericaJDK-8\jre\bin\management.dll
0x00007ffe6eff0000 - 0x00007ffe6f00c000 	C:\Program Files\BellSoft\LibericaJDK-8\jre\bin\net.dll
0x00007ffe8aa00000 - 0x00007ffe8aa6c000 	C:\WINDOWS\system32\mswsock.dll
0x00007ffe68530000 - 0x00007ffe68543000 	C:\Program Files\BellSoft\LibericaJDK-8\jre\bin\nio.dll
0x00007ffe67010000 - 0x00007ffe67027000 	C:\WINDOWS\system32\napinsp.dll
0x00007ffe67030000 - 0x00007ffe6704b000 	C:\WINDOWS\system32\pnrpnsp.dll
0x00007ffe66ff0000 - 0x00007ffe67005000 	C:\WINDOWS\system32\wshbth.dll
0x00007ffe847e0000 - 0x00007ffe847fd000 	C:\WINDOWS\system32\NLAapi.dll
0x00007ffe8a690000 - 0x00007ffe8a6cb000 	C:\WINDOWS\SYSTEM32\IPHLPAPI.DLL
0x00007ffe8a6e0000 - 0x00007ffe8a7aa000 	C:\WINDOWS\SYSTEM32\DNSAPI.dll
0x00007ffe8d7c0000 - 0x00007ffe8d7c8000 	C:\WINDOWS\System32\NSI.dll
0x00007ffe67050000 - 0x00007ffe67062000 	C:\WINDOWS\System32\winrnr.dll
0x00007ffe723a0000 - 0x00007ffe723aa000 	C:\Windows\System32\rasadhlp.dll
0x00007ffe72320000 - 0x00007ffe723a0000 	C:\WINDOWS\System32\fwpuclnt.dll
0x0000000180000000 - 0x0000000180051000 	D:\KRZYfolder\minemods\road_mod\forge-1.7.10-10.13.4.1614-1.7.10-src\caches\minecraft\net\minecraft\minecraft_natives\1.7.10\lwjgl64.dll
0x00007ffe3e750000 - 0x00007ffe3e878000 	C:\WINDOWS\SYSTEM32\OPENGL32.dll
0x00007ffe523c0000 - 0x00007ffe523ec000 	C:\WINDOWS\SYSTEM32\GLU32.dll
0x00007ffe8abf0000 - 0x00007ffe8ac08000 	C:\WINDOWS\SYSTEM32\CRYPTSP.dll
0x00007ffe8a240000 - 0x00007ffe8a274000 	C:\WINDOWS\system32\rsaenh.dll
0x00007ffe8b120000 - 0x00007ffe8b14e000 	C:\WINDOWS\SYSTEM32\USERENV.dll
0x00007ffe8b3f0000 - 0x00007ffe8b472000 	C:\WINDOWS\System32\bcryptprimitives.dll
0x00007ffe8ac10000 - 0x00007ffe8ac1c000 	C:\WINDOWS\SYSTEM32\CRYPTBASE.dll
0x00007ffe835f0000 - 0x00007ffe83607000 	C:\WINDOWS\SYSTEM32\dhcpcsvc6.DLL
0x00007ffe83fd0000 - 0x00007ffe83fed000 	C:\WINDOWS\SYSTEM32\dhcpcsvc.DLL
0x00007ffe56cb0000 - 0x00007ffe56e2d000 	C:\Program Files\BellSoft\LibericaJDK-8\jre\bin\awt.dll
0x00007ffe882d0000 - 0x00007ffe88364000 	C:\WINDOWS\SYSTEM32\apphelp.dll
0x00007ffe825a0000 - 0x00007ffe8264e000 	C:\WINDOWS\SYSTEM32\mscms.dll
0x00007ffe82550000 - 0x00007ffe82561000 	C:\WINDOWS\SYSTEM32\ColorAdapterClient.dll
0x00007ffe8d580000 - 0x00007ffe8d629000 	C:\WINDOWS\System32\clbcatq.dll
0x00007ffe622f0000 - 0x00007ffe62333000 	C:\Windows\System32\Windows.Internal.Graphics.Display.DisplayColorManagement.dll
0x00007ffe8bb30000 - 0x00007ffe8bb7e000 	C:\WINDOWS\System32\cfgmgr32.dll
0x00007ffe88c20000 - 0x00007ffe88cbe000 	C:\WINDOWS\system32\uxtheme.dll
0x00007ffe8d3c0000 - 0x00007ffe8d4d5000 	C:\WINDOWS\System32\MSCTF.dll
0x00007ffe84d20000 - 0x00007ffe84e24000 	C:\Windows\System32\AppXDeploymentClient.dll
0x00007ffdbd380000 - 0x00007ffdbfb6e000 	C:\WINDOWS\System32\DriverStore\FileRepository\nv_dispi.inf_amd64_9d15b9aa9e1c885b\nvoglv64.dll
0x00007ffe8cee0000 - 0x00007ffe8d351000 	C:\WINDOWS\System32\SETUPAPI.dll
0x00007ffe8c2e0000 - 0x00007ffe8c40b000 	C:\WINDOWS\System32\ole32.dll
0x00007ffe882b0000 - 0x00007ffe882c4000 	C:\WINDOWS\SYSTEM32\WTSAPI32.dll
0x00007ffe8ae30000 - 0x00007ffe8ae42000 	C:\WINDOWS\SYSTEM32\msasn1.dll
0x00007ffe84c90000 - 0x00007ffe84cc1000 	C:\WINDOWS\SYSTEM32\cryptnet.dll
0x00007ffe8b480000 - 0x00007ffe8b5dc000 	C:\WINDOWS\System32\CRYPT32.dll
0x00007ffe84800000 - 0x00007ffe84947000 	C:\WINDOWS\SYSTEM32\drvstore.dll
0x00007ffe8b000000 - 0x00007ffe8b033000 	C:\WINDOWS\SYSTEM32\devobj.dll
0x00007ffe8bb80000 - 0x00007ffe8bbe9000 	C:\WINDOWS\System32\WINTRUST.dll
0x00007ffe8a4f0000 - 0x00007ffe8a523000 	C:\WINDOWS\SYSTEM32\ntmarta.dll
0x00007ffe8d640000 - 0x00007ffe8d65d000 	C:\WINDOWS\System32\imagehlp.dll
0x00007ffe7b460000 - 0x00007ffe7ebfa000 	C:\WINDOWS\System32\DriverStore\FileRepository\nv_dispi.inf_amd64_9d15b9aa9e1c885b\nvgpucomp64.dll
0x00007ffe7f560000 - 0x00007ffe7f59b000 	C:\WINDOWS\SYSTEM32\dxcore.dll
0x00007ffda9240000 - 0x00007ffda9544000 	C:\WINDOWS\system32\nvspcap64.dll
0x00007ffe88f30000 - 0x00007ffe88f5f000 	C:\WINDOWS\SYSTEM32\dwmapi.dll
0x00007ffe74fb0000 - 0x00007ffe750a9000 	C:\WINDOWS\SYSTEM32\textinputframework.dll
0x00007ffe87680000 - 0x00007ffe879db000 	C:\WINDOWS\System32\CoreUIComponents.dll
0x00007ffe879e0000 - 0x00007ffe87ad2000 	C:\WINDOWS\System32\CoreMessaging.dll
0x00007ffe88500000 - 0x00007ffe88657000 	C:\WINDOWS\SYSTEM32\wintypes.dll
0x00007ffe05220000 - 0x00007ffe05265000 	C:\WINDOWS\SYSTEM32\icm32.dll
0x00007ffe8a800000 - 0x00007ffe8a84b000 	C:\WINDOWS\SYSTEM32\powrprof.dll
0x00007ffe8a670000 - 0x00007ffe8a682000 	C:\WINDOWS\SYSTEM32\UMPDC.dll
0x00007ffe8a490000 - 0x00007ffe8a4eb000 	C:\WINDOWS\SYSTEM32\WINSTA.dll
0x0000000070a40000 - 0x0000000070adc000 	D:\KRZYfolder\minemods\road_mod\forge-1.7.10-10.13.4.1614-1.7.10-src\caches\minecraft\net\minecraft\minecraft_natives\1.7.10\avutil-ttv-51.dll
0x0000000065980000 - 0x00000000659d6000 	D:\KRZYfolder\minemods\road_mod\forge-1.7.10-10.13.4.1614-1.7.10-src\caches\minecraft\net\minecraft\minecraft_natives\1.7.10\swresample-ttv-0.dll
0x000000006eb80000 - 0x000000006ec50000 	D:\KRZYfolder\minemods\road_mod\forge-1.7.10-10.13.4.1614-1.7.10-src\caches\minecraft\net\minecraft\minecraft_natives\1.7.10\libmp3lame-ttv.dll
0x00007ffdbbfd0000 - 0x00007ffdbd374000 	D:\KRZYfolder\minemods\road_mod\forge-1.7.10-10.13.4.1614-1.7.10-src\caches\minecraft\net\minecraft\minecraft_natives\1.7.10\libmfxsw64.dll
0x00007ffe528b0000 - 0x00007ffe529db000 	D:\KRZYfolder\minemods\road_mod\forge-1.7.10-10.13.4.1614-1.7.10-src\caches\minecraft\net\minecraft\minecraft_natives\1.7.10\twitchsdk.dll
0x00007ffe70450000 - 0x00007ffe70927000 	C:\WINDOWS\SYSTEM32\WININET.dll
0x00000116a90f0000 - 0x00000116a9154000 	D:\KRZYfolder\minemods\road_mod\forge-1.7.10-10.13.4.1614-1.7.10-src\caches\minecraft\net\minecraft\minecraft_natives\1.7.10\OpenAL64.dll
0x00007ffe7f4d0000 - 0x00007ffe7f559000 	C:\WINDOWS\System32\MMDevApi.dll
0x00007ffe7ec70000 - 0x00007ffe7ed0c000 	C:\WINDOWS\SYSTEM32\dsound.dll
0x00007ffe5f790000 - 0x00007ffe5f7b6000 	C:\WINDOWS\SYSTEM32\winmmbase.dll
0x00007ffe63570000 - 0x00007ffe636f1000 	C:\WINDOWS\SYSTEM32\AUDIOSES.DLL
0x00007ffe80180000 - 0x00007ffe80364000 	C:\WINDOWS\SYSTEM32\dbghelp.dll

VM Arguments:
jvm_args: -Dfile.encoding=UTF-8 -Duser.country=PL -Duser.language=pl -Duser.variant 
java_command: GradleStart
java_class_path (initial): D:\KRZYfolder\minemods\road_mod\forge-1.7.10-10.13.4.1614-1.7.10-src\caches\minecraft\net\minecraftforge\forge\1.7.10-10.13.4.1614-1.7.10\start;D:\KRZYfolder\minemods\road_mod\forge-1.7.10-10.13.4.1614-1.7.10-src\caches\minecraft\net\minecraftforge\forge\1.7.10-10.13.4.1614-1.7.10\forgeBin-1.7.10-10.13.4.1614-1.7.10.jar;D:\KRZYfolder\minemods\road_mod\forge-1.7.10-10.13.4.1614-1.7.10-src\caches\modules-2\files-2.1\net.minecraft\launchwrapper\1.12\111e7bea9c968cdb3d06ef4632bf7ff0824d0f36\launchwrapper-1.12.jar;D:\KRZYfolder\minemods\road_mod\forge-1.7.10-10.13.4.1614-1.7.10-src\caches\modules-2\files-2.1\com.google.code.findbugs\jsr305\1.3.9\40719ea6961c0cb6afaeb6a921eaa1f6afd4cfdf\jsr305-1.3.9.jar;D:\KRZYfolder\minemods\road_mod\forge-1.7.10-10.13.4.1614-1.7.10-src\caches\modules-2\files-2.1\org.ow2.asm\asm-debug-all\5.0.3\f9e364ae2a66ce2a543012a4668856e84e5dab74\asm-debug-all-5.0.3.jar;D:\KRZYfolder\minemods\road_mod\forge-1.7.10-10.13.4.1614-1.7.10-src\caches\modules-2\files-2.1\com.typesafe.akka\akka-actor_2.11\2.3.3\ed62e9fc709ca0f2ff1a3220daa8b70a2870078e\akka-actor_2.11-2.3.3.jar;D:\KRZYfolder\minemods\road_mod\forge-1.7.10-10.13.4.1614-1.7.10-src\caches\modules-2\files-2.1\com.typesafe\config\1.2.1\f771f71fdae3df231bcd54d5ca2d57f0bf93f467\config-1.2.1.jar;D:\KRZYfolder\minemods\road_mod\forge-1.7.10-10.13.4.1614-1.7.10-src\caches\modules-2\files-2.1\org.scala-lang\scala-actors-migration_2.11\1.1.0\dfa8bc42b181d5b9f1a5dd147f8ae308b893eb6f\scala-actors-migration_2.11-1.1.0.jar;D:\KRZYfolder\minemods\road_mod\forge-1.7.10-10.13.4.1614-1.7.10-src\caches\modules-2\files-2.1\org.scala-lang.plugins\scala-continuations-plugin_2.11.1\1.0.2\f361a3283452c57fa30c1ee69448995de23c60f7\scala-continuations-plugin_2.11.1-1.0.2.jar;D:\KRZYfolder\minemods\road_mod\forge-1.7.10-10.13.4.1614-1.7.10-src\caches\modules-2\files-2.1\org.scala-lang\scala-compiler\2.11.1\56ea2e6c025e0821f28d73ca271218b8dd04926a\scala-compiler-2.11.1.jar;D:\KRZYfolder\minemo
Launcher Type: SUN_STANDARD

Environment Variables:
JAVA_HOME=C:\Program Files\BellSoft\LibericaJDK-8\
PATH=C:\Program Files\BellSoft\LibericaJDK-8\bin\;C:\Program Files\BellSoft\LibericaJRE-8-Full\bin\;C:\Program Files (x86)\Razer Chroma SDK\bin;C:\Program Files\Razer Chroma SDK\bin;C:\Program Files (x86)\Razer\ChromaBroadcast\bin;C:\Program Files\Razer\ChromaBroadcast\bin;C:\Program Files\Eclipse Adoptium\jdk-17.0.5.8-hotspot\bin;C:\Windows\system32;C:\Windows;C:\Windows\System32\Wbem;C:\Windows\System32\WindowsPowerShell\v1.0\;C:\Windows\System32\OpenSSH\;C:\WINDOWS\system32;C:\WINDOWS;C:\WINDOWS\System32\Wbem;C:\WINDOWS\System32\WindowsPowerShell\v1.0\;C:\WINDOWS\System32\OpenSSH\;C:\Program Files (x86)\NVIDIA Corporation\PhysX\Common;C:\Program Files (x86)\GtkSharp\2.12\bin;C:\Program Files\WorldPainter;C:\WINDOWS\system32\config\systemprofile\AppData\Local\Microsoft\WindowsApps;C:\Program Files (x86)\Windows Kits\10\Windows Performance Toolkit\;C:\Program Files\Git\cmd;C:\ProgramData\chocolatey\bin;C:\Program Files\dotnet\;C:\Program Files\MATLAB\R2024b\bin;;C:\Program Files\NVIDIA Corporation\NVIDIA app\NvDLISR;C:\GNATSTUDIO\bin;C:\Users\Witcher\AppData\Local\Programs\Python\Launcher\;C:\Users\Witcher\AppData\Local\Microsoft\WindowsApps;C:\Program Files\JetBrains\PyCharm Community Edition 2021.3.3\bin;;C:\Users\Witcher\AppData\Roaming\cabal\bin;C:\tools\ghc-9.8.2\bin;C:\tools\msys64;C:\Users\Witcher\AppData\Local\Programs\Python\Python39;
USERNAME=Witcher
OS=Windows_NT
PROCESSOR_IDENTIFIER=Intel64 Family 6 Model 60 Stepping 3, GenuineIntel



---------------  S Y S T E M  ---------------

OS: Windows 10 , 64 bit Build 19041 (10.0.19041.5438)

CPU:total 4 (initial active 4) (4 cores per cpu, 1 threads per core) family 6 model 60 stepping 3, cmov, cx8, fxsr, mmx, sse, sse2, sse3, ssse3, sse4.1, sse4.2, popcnt, avx, avx2, aes, clmul, erms, lzcnt, tsc, tscinvbit, bmi1, bmi2

Memory: 4k page, physical 12464188k(1787240k free), swap 17969212k(3266744k free)

vm_info: OpenJDK 64-Bit Server VM (25.422-b06) for windows-amd64 JRE (1.8.0_422-b06), built on Jul 12 2024 19:05:58 by "hudson" with MS VC++ 17.1 (VS2022)

time: Thu Mar 27 21:08:59 2025
timezone: Intel64 Family 6 Model 60 Stepping 3, GenuineIntel
elapsed time: 15.859259 seconds (0d 0h 0m 15s)

